1633967637089	geckodriver	INFO	Listening on 127.0.0.1:48045
1633967637103	mozrunner::runner	INFO	Running command: "/usr/bin/firefox" "--marionette" "-no-remote" "-profile" "/tmp/rust_mozprofileIwpfkk"
1633967638274	Marionette	INFO	Marionette enabled
console.warn: SearchSettings: "get: No settings file exists, new profile?" (new NotFoundError("Could not open the file at /tmp/rust_mozprofileIwpfkk/search.json.mozlz4", (void 0)))
1633967641388	Marionette	INFO	Listening on port 41471
1633967641507	RemoteAgent	WARN	TLS certificate errors will be ignored for this session
1633967688085	Marionette	INFO	Stopped listening on port 41471
JavaScript error: resource:///modules/Interactions.jsm, line 201: NS_ERROR_FAILURE: Component returned failure code: 0x80004005 (NS_ERROR_FAILURE) [nsIUserIdleService.removeIdleObserver]
console.warn: TopSitesFeed: Failed to fetch data from Contile server: NetworkError when attempting to fetch resource.
1633967689762	geckodriver	INFO	Listening on 127.0.0.1:51877
1633967689767	mozrunner::runner	INFO	Running command: "/usr/bin/firefox" "--marionette" "-no-remote" "-profile" "/tmp/rust_mozprofileMu342g"
1633967690740	Marionette	INFO	Marionette enabled
console.warn: SearchSettings: "get: No settings file exists, new profile?" (new NotFoundError("Could not open the file at /tmp/rust_mozprofileMu342g/search.json.mozlz4", (void 0)))
1633967692190	Marionette	INFO	Listening on port 40551
1633967692294	RemoteAgent	WARN	TLS certificate errors will be ignored for this session
1633967692336	Marionette	WARN	Ignoring event 'DOMContentLoaded' because document has an invalid readyState of 'complete'.
JavaScript error: resource:///modules/Interactions.jsm, line 201: NS_ERROR_FAILURE: Component returned failure code: 0x80004005 (NS_ERROR_FAILURE) [nsIUserIdleService.removeIdleObserver]
1633967716009	Marionette	INFO	Stopped listening on port 40551

###!!! [Parent][RunMessage] Error: Channel closing: too late to send/recv, messages will be lost

1633967734285	geckodriver	INFO	Listening on 127.0.0.1:47619
1633967734288	mozrunner::runner	INFO	Running command: "/usr/bin/firefox" "--marionette" "-no-remote" "-profile" "/tmp/rust_mozprofileywOJQd"
1633967735020	Marionette	INFO	Marionette enabled
console.warn: SearchSettings: "get: No settings file exists, new profile?" (new NotFoundError("Could not open the file at /tmp/rust_mozprofileywOJQd/search.json.mozlz4", (void 0)))
1633967736292	Marionette	INFO	Listening on port 39295
1633967736311	RemoteAgent	WARN	TLS certificate errors will be ignored for this session
1633967736347	Marionette	WARN	Ignoring event 'DOMContentLoaded' because document has an invalid readyState of 'complete'.
1633967746961	Marionette	INFO	Stopped listening on port 39295
JavaScript error: resource:///modules/Interactions.jsm, line 201: NS_ERROR_FAILURE: Component returned failure code: 0x80004005 (NS_ERROR_FAILURE) [nsIUserIdleService.removeIdleObserver]

###!!! [Parent][RunMessage] Error: Channel closing: too late to send/recv, messages will be lost

1633967859762	geckodriver	INFO	Listening on 127.0.0.1:57135
1633967859766	mozrunner::runner	INFO	Running command: "/usr/bin/firefox" "--marionette" "-no-remote" "-profile" "/tmp/rust_mozprofileeDyNPe"
1633967860496	Marionette	INFO	Marionette enabled
console.warn: SearchSettings: "get: No settings file exists, new profile?" (new NotFoundError("Could not open the file at /tmp/rust_mozprofileeDyNPe/search.json.mozlz4", (void 0)))
1633967861856	Marionette	INFO	Listening on port 35243
1633967861909	RemoteAgent	WARN	TLS certificate errors will be ignored for this session
1633967861974	Marionette	WARN	Ignoring event 'DOMContentLoaded' because document has an invalid readyState of 'complete'.
1633967872742	Marionette	INFO	Stopped listening on port 35243
JavaScript error: resource:///modules/Interactions.jsm, line 201: NS_ERROR_FAILURE: Component returned failure code: 0x80004005 (NS_ERROR_FAILURE) [nsIUserIdleService.removeIdleObserver]

###!!! [Parent][RunMessage] Error: Channel closing: too late to send/recv, messages will be lost

1633967992601	geckodriver	INFO	Listening on 127.0.0.1:49105
1633967992605	mozrunner::runner	INFO	Running command: "/usr/bin/firefox" "--marionette" "-no-remote" "-profile" "/tmp/rust_mozprofilepMijKn"
1633967993449	Marionette	INFO	Marionette enabled
console.warn: SearchSettings: "get: No settings file exists, new profile?" (new NotFoundError("Could not open the file at /tmp/rust_mozprofilepMijKn/search.json.mozlz4", (void 0)))
1633967995164	Marionette	INFO	Listening on port 46763
1633967995231	RemoteAgent	WARN	TLS certificate errors will be ignored for this session
1633968012706	Marionette	WARN	Ignoring event 'DOMContentLoaded' because document has an invalid readyState of 'complete'.
JavaScript error: resource://gre/actors/AutoCompleteChild.jsm, line 125: Error: Invalid autocomplete selectedIndex
JavaScript error: resource://gre/actors/AutoCompleteChild.jsm, line 125: Error: Invalid autocomplete selectedIndex
console.log: WebExtensions: reset-default-search: starting.
console.log: WebExtensions: reset-default-search: No addons in our list are installed.
Exiting due to channel error.
Exiting due to channel error.
Exiting due to channel error.
1633968721141	geckodriver	INFO	Listening on 127.0.0.1:48959
1633968721144	mozrunner::runner	INFO	Running command: "/usr/bin/firefox" "--marionette" "-no-remote" "-profile" "/tmp/rust_mozprofilerxe3sC"
1633968721841	Marionette	INFO	Marionette enabled
console.warn: SearchSettings: "get: No settings file exists, new profile?" (new NotFoundError("Could not open the file at /tmp/rust_mozprofilerxe3sC/search.json.mozlz4", (void 0)))
1633968722873	Marionette	INFO	Listening on port 46507
1633968722978	RemoteAgent	WARN	TLS certificate errors will be ignored for this session
1633968723015	Marionette	WARN	Ignoring event 'DOMContentLoaded' because document has an invalid readyState of 'complete'.
1633968734193	Marionette	INFO	Stopped listening on port 46507
JavaScript error: http://192.168.2.10/doc/script/lib/jquery/jquery/jquery.min.js line 2 > eval, line 1: TypeError: this.JS_Disconnect is not a function
JavaScript error: resource:///modules/Interactions.jsm, line 201: NS_ERROR_FAILURE: Component returned failure code: 0x80004005 (NS_ERROR_FAILURE) [nsIUserIdleService.removeIdleObserver]

###!!! [Parent][RunMessage] Error: Channel closing: too late to send/recv, messages will be lost

1633968764142	geckodriver	INFO	Listening on 127.0.0.1:53311
1633968764150	mozrunner::runner	INFO	Running command: "/usr/bin/firefox" "--marionette" "-no-remote" "-profile" "/tmp/rust_mozprofileaf5i5J"
1633968764846	Marionette	INFO	Marionette enabled
console.warn: SearchSettings: "get: No settings file exists, new profile?" (new NotFoundError("Could not open the file at /tmp/rust_mozprofileaf5i5J/search.json.mozlz4", (void 0)))
1633968765931	Marionette	INFO	Listening on port 38475
1633968765969	RemoteAgent	WARN	TLS certificate errors will be ignored for this session
1633968776252	Marionette	WARN	Ignoring event 'DOMContentLoaded' because document has an invalid readyState of 'complete'.
console.log: WebExtensions: reset-default-search: starting.
console.log: WebExtensions: reset-default-search: No addons in our list are installed.
Exiting due to channel error.
Exiting due to channel error.
Exiting due to channel error.
1633969538480	geckodriver	INFO	Listening on 127.0.0.1:49737
1633969538485	mozrunner::runner	INFO	Running command: "/usr/bin/firefox" "--marionette" "-no-remote" "-profile" "/tmp/rust_mozprofileOKApNH"
1633969539095	Marionette	INFO	Marionette enabled
console.warn: SearchSettings: "get: No settings file exists, new profile?" (new NotFoundError("Could not open the file at /tmp/rust_mozprofileOKApNH/search.json.mozlz4", (void 0)))
1633969540058	Marionette	INFO	Listening on port 36913
1633969540126	RemoteAgent	WARN	TLS certificate errors will be ignored for this session
1633969540162	Marionette	WARN	Ignoring event 'DOMContentLoaded' because document has an invalid readyState of 'complete'.
JavaScript error: resource:///modules/Interactions.jsm, line 201: NS_ERROR_FAILURE: Component returned failure code: 0x80004005 (NS_ERROR_FAILURE) [nsIUserIdleService.removeIdleObserver]
JavaScript error: http://192.168.2.10/doc/script/lib/jquery/jquery/jquery.min.js line 2 > eval, line 1: TypeError: this.JS_Disconnect is not a function
1633969571274	Marionette	INFO	Stopped listening on port 36913

###!!! [Parent][RunMessage] Error: Channel closing: too late to send/recv, messages will be lost

1633969573266	geckodriver	INFO	Listening on 127.0.0.1:54801
1633969573273	mozrunner::runner	INFO	Running command: "/usr/bin/firefox" "--marionette" "-no-remote" "-profile" "/tmp/rust_mozprofilegbp7nH"
1633969573871	Marionette	INFO	Marionette enabled
console.warn: SearchSettings: "get: No settings file exists, new profile?" (new NotFoundError("Could not open the file at /tmp/rust_mozprofilegbp7nH/search.json.mozlz4", (void 0)))
1633969574932	Marionette	INFO	Listening on port 42181
1633969574991	RemoteAgent	WARN	TLS certificate errors will be ignored for this session
1633969575044	Marionette	WARN	Ignoring event 'DOMContentLoaded' because document has an invalid readyState of 'complete'.
1633969579412	Marionette	WARN	TimedPromise timed out after 500 ms: stacktrace:
TimedPromise/<@chrome://remote/content/marionette/sync.js:238:19
TimedPromise@chrome://remote/content/marionette/sync.js:223:10
interaction.flushEventLoop@chrome://remote/content/marionette/interaction.js:431:10
webdriverClickElement@chrome://remote/content/marionette/interaction.js:179:31
1633969589636	Marionette	INFO	Stopped listening on port 42181
JavaScript error: http://192.168.2.10/doc/script/lib/jquery/jquery/jquery.min.js line 2 > eval, line 1: TypeError: this.JS_Disconnect is not a function
JavaScript error: resource:///modules/Interactions.jsm, line 201: NS_ERROR_FAILURE: Component returned failure code: 0x80004005 (NS_ERROR_FAILURE) [nsIUserIdleService.removeIdleObserver]

###!!! [Parent][RunMessage] Error: Channel closing: too late to send/recv, messages will be lost

1633969612342	geckodriver	INFO	Listening on 127.0.0.1:44915
1633969612368	mozrunner::runner	INFO	Running command: "/usr/bin/firefox" "--marionette" "-no-remote" "-profile" "/tmp/rust_mozprofilev3yDqF"
1633969613011	Marionette	INFO	Marionette enabled
console.warn: SearchSettings: "get: No settings file exists, new profile?" (new NotFoundError("Could not open the file at /tmp/rust_mozprofilev3yDqF/search.json.mozlz4", (void 0)))
1633969614064	Marionette	INFO	Listening on port 44239
1633969614086	RemoteAgent	WARN	TLS certificate errors will be ignored for this session
1633969614150	Marionette	WARN	Ignoring event 'DOMContentLoaded' because document has an invalid readyState of 'complete'.
IPDL protocol error: Handler returned error code!

###!!! [Parent][DispatchAsyncMessage] Error: PClientManager::Msg_ExpectFutureClientSource Processing error: message was deserialized, but the handler returned false (indicating failure)

IPDL protocol error: Handler returned error code!

###!!! [Parent][DispatchAsyncMessage] Error: PClientManager::Msg_ForgetFutureClientSource Processing error: message was deserialized, but the handler returned false (indicating failure)

JavaScript error: http://192.168.2.10/doc/script/lib/jquery/jquery/jquery.min.js line 2 > eval, line 1: TypeError: this.JS_Disconnect is not a function
JavaScript error: http://192.168.2.10/doc/script/lib/jquery/jquery/jquery.min.js line 2 > eval, line 1: TypeError: this.JS_Disconnect is not a function
1633970023033	addons.xpi	ERROR	System addon update list error Error: Failed downloading XML, status: 0, reason: timeout
Exiting due to channel error.
Exiting due to channel error.
Exiting due to channel error.
Exiting due to channel error.
Exiting due to channel error.
1633970067063	geckodriver	INFO	Listening on 127.0.0.1:57989
1633970067076	mozrunner::runner	INFO	Running command: "/usr/bin/firefox" "--marionette" "-no-remote" "-profile" "/tmp/rust_mozprofilekTdHSO"
1633970067697	Marionette	INFO	Marionette enabled
console.warn: SearchSettings: "get: No settings file exists, new profile?" (new NotFoundError("Could not open the file at /tmp/rust_mozprofilekTdHSO/search.json.mozlz4", (void 0)))
1633970068818	Marionette	INFO	Listening on port 40911
1633970068911	RemoteAgent	WARN	TLS certificate errors will be ignored for this session
1633970068993	Marionette	WARN	Ignoring event 'DOMContentLoaded' because document has an invalid readyState of 'complete'.
1633970085797	Marionette	INFO	Stopped listening on port 40911
JavaScript error: http://192.168.2.10/doc/script/lib/jquery/jquery/jquery.min.js line 2 > eval, line 1: TypeError: this.JS_Disconnect is not a function
JavaScript error: resource:///modules/Interactions.jsm, line 201: NS_ERROR_FAILURE: Component returned failure code: 0x80004005 (NS_ERROR_FAILURE) [nsIUserIdleService.removeIdleObserver]

###!!! [Parent][RunMessage] Error: Channel closing: too late to send/recv, messages will be lost

1633970304640	geckodriver	INFO	Listening on 127.0.0.1:49053
1633970304647	mozrunner::runner	INFO	Running command: "/usr/bin/firefox" "--marionette" "-no-remote" "-profile" "/tmp/rust_mozprofileShUez8"
1633970305290	Marionette	INFO	Marionette enabled
console.warn: SearchSettings: "get: No settings file exists, new profile?" (new NotFoundError("Could not open the file at /tmp/rust_mozprofileShUez8/search.json.mozlz4", (void 0)))
1633970306253	Marionette	INFO	Listening on port 40319
1633970306378	RemoteAgent	WARN	TLS certificate errors will be ignored for this session
1633970306436	Marionette	WARN	Ignoring event 'DOMContentLoaded' because document has an invalid readyState of 'complete'.
1633970323089	Marionette	INFO	Stopped listening on port 40319
JavaScript error: http://192.168.2.10/doc/script/lib/jquery/jquery/jquery.min.js line 2 > eval, line 1: TypeError: this.JS_Disconnect is not a function
JavaScript error: resource:///modules/Interactions.jsm, line 201: NS_ERROR_FAILURE: Component returned failure code: 0x80004005 (NS_ERROR_FAILURE) [nsIUserIdleService.removeIdleObserver]

###!!! [Parent][RunMessage] Error: Channel closing: too late to send/recv, messages will be lost

1633970364674	geckodriver	INFO	Listening on 127.0.0.1:54359
1633970364681	mozrunner::runner	INFO	Running command: "/usr/bin/firefox" "--marionette" "-no-remote" "-profile" "/tmp/rust_mozprofileFOdkKQ"
1633970365320	Marionette	INFO	Marionette enabled
console.warn: SearchSettings: "get: No settings file exists, new profile?" (new NotFoundError("Could not open the file at /tmp/rust_mozprofileFOdkKQ/search.json.mozlz4", (void 0)))
1633970366394	Marionette	INFO	Listening on port 33239
1633970366527	RemoteAgent	WARN	TLS certificate errors will be ignored for this session
1633970366595	Marionette	WARN	Ignoring event 'DOMContentLoaded' because document has an invalid readyState of 'complete'.
1633970383254	Marionette	INFO	Stopped listening on port 33239
JavaScript error: http://192.168.2.10/doc/script/lib/jquery/jquery/jquery.min.js line 2 > eval, line 1: TypeError: this.JS_Disconnect is not a function
JavaScript error: resource:///modules/Interactions.jsm, line 201: NS_ERROR_FAILURE: Component returned failure code: 0x80004005 (NS_ERROR_FAILURE) [nsIUserIdleService.removeIdleObserver]

###!!! [Parent][RunMessage] Error: Channel closing: too late to send/recv, messages will be lost

1633970439553	geckodriver	INFO	Listening on 127.0.0.1:48383
1633970439559	mozrunner::runner	INFO	Running command: "/usr/bin/firefox" "--marionette" "-no-remote" "-profile" "/tmp/rust_mozprofileetbPqn"
1633970440198	Marionette	INFO	Marionette enabled
console.warn: SearchSettings: "get: No settings file exists, new profile?" (new NotFoundError("Could not open the file at /tmp/rust_mozprofileetbPqn/search.json.mozlz4", (void 0)))
1633970441190	Marionette	INFO	Listening on port 45947
1633970441282	RemoteAgent	WARN	TLS certificate errors will be ignored for this session
1633970441326	Marionette	WARN	Ignoring event 'DOMContentLoaded' because document has an invalid readyState of 'complete'.
JavaScript error: http://192.168.2.10/doc/script/lib/jquery/jquery/jquery.min.js line 2 > eval, line 1: TypeError: this.JS_Disconnect is not a function
1633970455687	Marionette	INFO	Stopped listening on port 45947
JavaScript error: resource:///modules/Interactions.jsm, line 201: NS_ERROR_FAILURE: Component returned failure code: 0x80004005 (NS_ERROR_FAILURE) [nsIUserIdleService.removeIdleObserver]
console.warn: TopSitesFeed: Failed to fetch data from Contile server: NetworkError when attempting to fetch resource.
JavaScript error: chrome://remote/content/marionette/cert.js, line 55: NS_ERROR_NOT_AVAILABLE: Component returned failure code: 0x80040111 (NS_ERROR_NOT_AVAILABLE) [nsICertOverrideService.setDisableAllSecurityChecksAndLetAttackersInterceptMyData]

###!!! [Parent][RunMessage] Error: Channel closing: too late to send/recv, messages will be lost

1633970457913	geckodriver::marionette	ERROR	Failed to close browser connection: Transport endpoint is not connected (os error 107)
1633970542209	geckodriver	INFO	Listening on 127.0.0.1:37089
1633970542219	mozrunner::runner	INFO	Running command: "/usr/bin/firefox" "--marionette" "-no-remote" "-profile" "/tmp/rust_mozprofileXk5Pej"
1633970542893	Marionette	INFO	Marionette enabled
console.warn: SearchSettings: "get: No settings file exists, new profile?" (new NotFoundError("Could not open the file at /tmp/rust_mozprofileXk5Pej/search.json.mozlz4", (void 0)))
1633970544005	Marionette	INFO	Listening on port 44549
1633970544038	RemoteAgent	WARN	TLS certificate errors will be ignored for this session
1633970544107	Marionette	WARN	Ignoring event 'DOMContentLoaded' because document has an invalid readyState of 'complete'.
JavaScript error: http://192.168.2.10/doc/script/lib/jquery/jquery/jquery.min.js line 2 > eval, line 1: TypeError: this.JS_Disconnect is not a function
1633970553361	Marionette	INFO	Stopped listening on port 44549
JavaScript error: resource:///modules/Interactions.jsm, line 201: NS_ERROR_FAILURE: Component returned failure code: 0x80004005 (NS_ERROR_FAILURE) [nsIUserIdleService.removeIdleObserver]
console.warn: TopSitesFeed: Failed to fetch data from Contile server: NetworkError when attempting to fetch resource.
JavaScript error: chrome://remote/content/marionette/cert.js, line 55: NS_ERROR_NOT_AVAILABLE: Component returned failure code: 0x80040111 (NS_ERROR_NOT_AVAILABLE) [nsICertOverrideService.setDisableAllSecurityChecksAndLetAttackersInterceptMyData]

###!!! [Parent][RunMessage] Error: Channel closing: too late to send/recv, messages will be lost

1633970560733	geckodriver::marionette	ERROR	Failed to close browser connection: Transport endpoint is not connected (os error 107)
1633970566680	geckodriver	INFO	Listening on 127.0.0.1:47707
1633970566686	mozrunner::runner	INFO	Running command: "/usr/bin/firefox" "--marionette" "-no-remote" "-profile" "/tmp/rust_mozprofileKO3fc4"
1633970567325	Marionette	INFO	Marionette enabled
console.warn: SearchSettings: "get: No settings file exists, new profile?" (new NotFoundError("Could not open the file at /tmp/rust_mozprofileKO3fc4/search.json.mozlz4", (void 0)))
1633970568457	Marionette	INFO	Listening on port 35095
1633970568529	RemoteAgent	WARN	TLS certificate errors will be ignored for this session
1633970568629	Marionette	WARN	Ignoring event 'DOMContentLoaded' because document has an invalid readyState of 'complete'.
1633970585706	Marionette	INFO	Stopped listening on port 35095
JavaScript error: http://192.168.2.10/doc/script/lib/jquery/jquery/jquery.min.js line 2 > eval, line 1: TypeError: this.JS_Disconnect is not a function
JavaScript error: resource:///modules/Interactions.jsm, line 201: NS_ERROR_FAILURE: Component returned failure code: 0x80004005 (NS_ERROR_FAILURE) [nsIUserIdleService.removeIdleObserver]
1633970600321	geckodriver	INFO	Listening on 127.0.0.1:55729
1633970600331	mozrunner::runner	INFO	Running command: "/usr/bin/firefox" "--marionette" "-no-remote" "-profile" "/tmp/rust_mozprofileHwVJgm"
1633970600997	Marionette	INFO	Marionette enabled
console.warn: SearchSettings: "get: No settings file exists, new profile?" (new NotFoundError("Could not open the file at /tmp/rust_mozprofileHwVJgm/search.json.mozlz4", (void 0)))
1633970602101	Marionette	INFO	Listening on port 34637
1633970602149	RemoteAgent	WARN	TLS certificate errors will be ignored for this session
1633970602205	Marionette	WARN	Ignoring event 'DOMContentLoaded' because document has an invalid readyState of 'complete'.
1633970618670	Marionette	INFO	Stopped listening on port 34637
JavaScript error: http://192.168.2.10/doc/script/lib/jquery/jquery/jquery.min.js line 2 > eval, line 1: TypeError: this.JS_Disconnect is not a function
JavaScript error: resource:///modules/Interactions.jsm, line 201: NS_ERROR_FAILURE: Component returned failure code: 0x80004005 (NS_ERROR_FAILURE) [nsIUserIdleService.removeIdleObserver]

###!!! [Parent][RunMessage] Error: Channel closing: too late to send/recv, messages will be lost

